<?xml version="1.0" encoding="UTF-8"?>
<!-- Generated by org.testng.reporters.JUnitReportReporter -->
<testsuite skipped="0" hostname="IBM-Testing01" name="dwspagefactory.VerifyLogin" tests="1" failures="0" timestamp="05 Mar 2020 09:02:38 GMT" time="33.203" errors="0">
  <testcase name="checklogin" time="33.203" classname="dwspagefactory.VerifyLogin"/>
</testsuite> <!-- dwspagefactory.VerifyLogin -->
