<?xml version="1.0" encoding="UTF-8"?>
<!-- Generated by org.testng.reporters.JUnitReportReporter -->
<testsuite skipped="0" hostname="IBM-Testing01" name="DemoWebShopTests.VerifyRegister" tests="1" failures="0" timestamp="05 Mar 2020 05:58:06 GMT" time="16.491" errors="0">
  <testcase name="checkRegister" time="16.491" classname="DemoWebShopTests.VerifyRegister"/>
</testsuite> <!-- DemoWebShopTests.VerifyRegister -->
